[2024-11-18 12:35:56] - [INFO] - [Using device: Speakers (Realtek(R) Audio) [Loopback]]
[2024-11-18 12:35:59] - [INFO] - [Chrome driver configured]
[2024-11-18 12:35:59] - [INFO] - [Started recording video]
[2024-11-18 12:35:59] - [INFO] - [Started Selenium.]
[2024-11-18 12:35:59] - [INFO] - [Audio recording 120 seconds to audio_record.wav]
[2024-11-18 12:36:03] - [INFO] - [Launched Youtube]
[2024-11-18 12:36:04] - [INFO] - [Clicked on accept all button to close the cookies pop-up]
[2024-11-18 12:36:07] - [INFO] - [Searching video with title: Selenium python]
[2024-11-18 12:36:08] - [INFO] - [Waiting for video results]
[2024-11-18 12:36:08] - [INFO] - [Clicked on the first video]
[2024-11-18 12:36:08] - [INFO] - [Waiting for the video to play]
[2024-11-18 12:36:10] - [INFO] - [Video is now in full screen.]
[2024-11-18 12:36:25] - [INFO] - [Pop-up closed successfully.]
[2024-11-18 12:37:59] - [INFO] - [Video recording ended]
[2024-11-18 12:37:59] - [INFO] - [120 seconds have passed. Stopping execution.]
[2024-11-18 12:37:59] - [INFO] - [Recording saved as audio_record.wav]
[2024-11-18 12:38:17] - [INFO] - [YouTube thread has completed its execution.]
[2024-11-18 12:38:17] - [INFO] - [Starting merge of audio and video.]
[2024-11-18 12:38:17] - [INFO] - [Writing final video to file.]
[2024-11-18 12:38:57] - [INFO] - [Audio and video successfully merged into final_output.mp4.]
[2024-11-18 12:38:57] - [INFO] - [Starting audio analysis for audio_record.wav.]
[2024-11-18 12:38:57] - [INFO] - [Writing average dB level to dB_levels.csv.]
[2024-11-18 12:38:57] - [INFO] - [Successfully wrote average dB level to dB_levels.csv.]
[2024-11-18 12:38:57] - [INFO] - [Completed analysis for audio_record.wav. Average dB level: -60.294016154566464]
